TN:
SF:script/DeployAstaroth.s.sol
FN:9,DeployAstaroth.run
FNDA:20,DeployAstaroth.run
DA:10,20
DA:10,20
DA:10,20
DA:12,20
DA:12,20
DA:14,20
DA:14,20
DA:15,20
DA:15,20
DA:15,20
DA:16,20
DA:16,20
DA:16,20
DA:17,20
DA:17,20
DA:18,20
DA:18,20
DA:19,20
DA:19,20
DA:21,20
DA:21,20
FNF:1
FNH:1
LF:9
LH:9
BRF:0
BRH:0
end_of_record
TN:
SF:script/DeployEscrow.s.sol
FN:9,DeployEscrow.run
FNDA:10,DeployEscrow.run
DA:10,10
DA:10,10
DA:10,10
DA:12,10
DA:12,10
DA:13,10
DA:13,10
DA:13,10
DA:14,10
DA:14,10
DA:15,10
DA:15,10
DA:16,10
DA:16,10
DA:18,10
DA:18,10
FNF:1
FNH:1
LF:7
LH:7
BRF:0
BRH:0
end_of_record
TN:
SF:script/DeployHestus.s.sol
FN:9,DeployHestus.run
FNDA:0,DeployHestus.run
DA:10,0
DA:10,0
DA:10,0
DA:12,0
DA:12,0
DA:14,0
DA:14,0
DA:15,0
DA:15,0
DA:15,0
DA:16,0
DA:16,0
DA:16,0
DA:17,0
DA:17,0
DA:18,0
DA:18,0
DA:19,0
DA:19,0
DA:21,0
DA:21,0
FNF:1
FNH:0
LF:9
LH:0
BRF:0
BRH:0
end_of_record
TN:
SF:src/Escrow.sol
FN:70,Escrow.initializeEscrow
FNDA:6,Escrow.initializeEscrow
DA:71,6
DA:71,6
BRDA:71,0,0,1
BRDA:71,0,1,5
DA:71,1
DA:73,5
DA:73,5
DA:75,5
DA:75,5
DA:77,5
DA:77,5
DA:77,5
DA:78,5
DA:78,5
BRDA:78,1,0,-
BRDA:78,1,1,5
DA:78,0
DA:80,5
DA:80,5
DA:81,5
DA:81,5
DA:82,5
DA:82,5
DA:83,5
DA:83,5
DA:84,5
DA:84,5
FN:91,Escrow.fulfillEscrow
FNDA:6,Escrow.fulfillEscrow
DA:92,6
DA:92,6
DA:93,6
DA:93,6
DA:93,6
DA:93,5
BRDA:93,2,0,2
BRDA:93,2,1,4
DA:93,2
DA:94,4
DA:94,4
BRDA:94,3,0,1
BRDA:94,3,1,3
DA:94,1
DA:96,3
DA:96,3
DA:98,3
DA:98,3
DA:98,3
DA:99,3
DA:99,3
BRDA:99,4,0,-
BRDA:99,4,1,3
DA:99,0
DA:101,3
DA:101,3
DA:102,3
DA:102,3
DA:103,3
DA:103,3
DA:104,3
DA:104,3
FN:109,Escrow.cancelEscrow
FNDA:7,Escrow.cancelEscrow
DA:110,7
DA:110,7
DA:111,7
DA:111,7
DA:111,7
DA:111,6
BRDA:111,5,0,2
BRDA:111,5,1,5
DA:111,2
DA:112,5
DA:112,5
DA:112,5
DA:112,2
BRDA:112,6,0,1
BRDA:112,6,1,4
DA:112,1
DA:113,4
DA:113,4
DA:113,4
DA:113,3
BRDA:113,7,0,2
BRDA:113,7,1,2
DA:113,2
DA:115,2
DA:115,2
DA:117,2
DA:117,2
BRDA:117,8,0,-
BRDA:117,8,1,1
DA:118,1
DA:118,1
DA:118,1
DA:119,1
DA:119,1
BRDA:119,9,0,-
BRDA:119,9,1,1
DA:119,0
DA:121,1
DA:121,1
DA:121,1
DA:122,1
DA:122,1
BRDA:122,10,0,-
BRDA:122,10,1,1
DA:122,0
DA:124,1
DA:124,1
DA:124,1
DA:125,1
DA:125,1
BRDA:125,11,0,-
BRDA:125,11,1,1
DA:125,0
DA:128,2
DA:128,2
FN:133,Escrow.settleEscrow
FNDA:4,Escrow.settleEscrow
DA:134,3
DA:134,3
DA:135,3
DA:135,3
DA:135,3
DA:135,3
BRDA:135,12,0,1
BRDA:135,12,1,2
DA:135,1
DA:136,2
DA:136,2
BRDA:136,13,0,1
BRDA:136,13,1,1
DA:136,1
DA:138,1
DA:138,1
DA:140,1
DA:140,1
DA:140,1
DA:141,1
DA:141,1
BRDA:141,14,0,-
BRDA:141,14,1,1
DA:141,0
DA:143,1
DA:143,1
DA:143,1
DA:144,1
DA:144,1
BRDA:144,15,0,-
BRDA:144,15,1,1
DA:144,0
DA:146,1
DA:146,1
FN:155,Escrow.getTotalEscrows
FNDA:3,Escrow.getTotalEscrows
DA:156,3
DA:156,3
FN:162,Escrow.getUserTokenBalance
FNDA:8,Escrow.getUserTokenBalance
DA:163,8
DA:163,8
DA:163,8
FN:168,Escrow.getEscrowData
FNDA:5,Escrow.getEscrowData
DA:169,5
DA:169,5
DA:170,5
DA:170,5
DA:170,5
DA:170,5
BRDA:170,16,0,1
BRDA:170,16,1,4
DA:170,1
DA:172,4
DA:172,4
FNF:7
FNH:7
LF:47
LH:47
BRF:34
BRH:26
end_of_record
